#! /c/Source/iverilog-install/bin/vvp
:ivl_version "12.0 (devel)" "(s20150603-1539-g2693dd32b)";
:ivl_delay_selection "TYPICAL";
:vpi_time_precision + 0;
:vpi_module "C:\iverilog\lib\ivl\system.vpi";
:vpi_module "C:\iverilog\lib\ivl\vhdl_sys.vpi";
:vpi_module "C:\iverilog\lib\ivl\vhdl_textio.vpi";
:vpi_module "C:\iverilog\lib\ivl\v2005_math.vpi";
:vpi_module "C:\iverilog\lib\ivl\va_math.vpi";
S_0000025255ac6460 .scope module, "minority" "minority" 2 1;
 .timescale 0 0;
    .port_info 0 /INPUT 1 "a";
    .port_info 1 /INPUT 1 "b";
    .port_info 2 /INPUT 1 "c";
    .port_info 3 /OUTPUT 1 "y";
o0000025255b17198 .functor BUFZ 1, C4<z>; HiZ drive
L_0000025255ac6ac0 .functor NOT 1, o0000025255b17198, C4<0>, C4<0>, C4<0>;
o0000025255b171f8 .functor BUFZ 1, C4<z>; HiZ drive
L_0000025255ac6d00 .functor NOT 1, o0000025255b171f8, C4<0>, C4<0>, C4<0>;
L_0000025255ac6f00 .functor AND 1, L_0000025255ac6ac0, L_0000025255ac6d00, C4<1>, C4<1>;
L_0000025255ace2d0 .functor NOT 1, o0000025255b17198, C4<0>, C4<0>, C4<0>;
o0000025255b171c8 .functor BUFZ 1, C4<z>; HiZ drive
L_0000025255ace340 .functor NOT 1, o0000025255b171c8, C4<0>, C4<0>, C4<0>;
L_0000025255ace3b0 .functor AND 1, L_0000025255ace2d0, L_0000025255ace340, C4<1>, C4<1>;
L_0000025255ace420 .functor OR 1, L_0000025255ac6f00, L_0000025255ace3b0, C4<0>, C4<0>;
L_0000025255ace490 .functor NOT 1, o0000025255b171c8, C4<0>, C4<0>, C4<0>;
L_0000025255ace500 .functor NOT 1, o0000025255b171f8, C4<0>, C4<0>, C4<0>;
L_0000025255ace570 .functor AND 1, L_0000025255ace490, L_0000025255ace500, C4<1>, C4<1>;
L_0000025255ace640 .functor OR 1, L_0000025255ace420, L_0000025255ace570, C4<0>, C4<0>;
v0000025255ac65f0_0 .net *"_ivl_0", 0 0, L_0000025255ac6ac0;  1 drivers
v0000025255ac6690_0 .net *"_ivl_10", 0 0, L_0000025255ace3b0;  1 drivers
v0000025255ac6730_0 .net *"_ivl_12", 0 0, L_0000025255ace420;  1 drivers
v0000025255ac67d0_0 .net *"_ivl_14", 0 0, L_0000025255ace490;  1 drivers
v0000025255ace190_0 .net *"_ivl_16", 0 0, L_0000025255ace500;  1 drivers
v0000025255ace230_0 .net *"_ivl_18", 0 0, L_0000025255ace570;  1 drivers
v0000025255b107e0_0 .net *"_ivl_2", 0 0, L_0000025255ac6d00;  1 drivers
v0000025255b11460_0 .net *"_ivl_4", 0 0, L_0000025255ac6f00;  1 drivers
v0000025255b11500_0 .net *"_ivl_6", 0 0, L_0000025255ace2d0;  1 drivers
v0000025255b10740_0 .net *"_ivl_8", 0 0, L_0000025255ace340;  1 drivers
v0000025255b11320_0 .net "a", 0 0, o0000025255b17198;  0 drivers
v0000025255b11000_0 .net "b", 0 0, o0000025255b171c8;  0 drivers
v0000025255b10ba0_0 .net "c", 0 0, o0000025255b171f8;  0 drivers
v0000025255b115a0_0 .net "y", 0 0, L_0000025255ace640;  1 drivers
# The file index is used to find the file name in the following table.
:file_names 3;
    "N/A";
    "<interactive>";
    "minority.v";
